<?xml version="1.0" encoding="UTF-8"?>
<!-- Generated by org.testng.reporters.JUnitXMLReporter -->
<testsuite ignored="15" hostname="Braidens-MacBook-Pro.local" failures="0" tests="0" time="0.015" errors="0" timestamp="05 Oct 2022 03:42:17 GMT">
  <testcase classname="com.costco.BaseClass" name="@AfterTest tearup" time="0.008">
    <failure type="java.lang.NullPointerException" message="Cannot invoke &amp;quot;org.openqa.selenium.WebDriver.quit()&amp;quot; because &amp;quot;this.driver&amp;quot; is null">
      <![CDATA[java.lang.NullPointerException: Cannot invoke "org.openqa.selenium.WebDriver.quit()" because "this.driver" is null
at com.costco.BaseClass.tearup(BaseClass.java:35)
... Removed 29 stack frames]]>
    </failure>
  </testcase> <!-- @AfterTest tearup -->
  <testcase classname="com.costco.tests.TestClass" name="groceryButtonTest" time="0.0">
    <ignored/>
  </testcase> <!-- groceryButtonTest -->
  <testcase classname="com.costco.tests.TestClass" name="treasureHuntTest" time="0.0">
    <ignored/>
  </testcase> <!-- treasureHuntTest -->
  <testcase classname="com.costco.tests.TestClass" name="LearnAboutOurCommitmentToWomenButtonTest" time="0.0">
    <ignored/>
  </testcase> <!-- LearnAboutOurCommitmentToWomenButtonTest -->
  <testcase classname="com.costco.tests.TestClass" name="searchFieldTest" time="0.0">
    <ignored/>
  </testcase> <!-- searchFieldTest -->
  <testcase classname="com.costco.tests.TestClass" name="whileSuppliesClickTest" time="0.0">
    <ignored/>
  </testcase> <!-- whileSuppliesClickTest -->
  <testcase classname="com.costco.tests.TestClass" name="passWordClickTest" time="0.0">
    <ignored/>
  </testcase> <!-- passWordClickTest -->
  <testcase classname="com.costco.tests.TestClass" name="sameDayElementTest" time="0.0">
    <ignored/>
  </testcase> <!-- sameDayElementTest -->
  <testcase classname="com.costco.tests.TestClass" name="termsandConditionsLinkTest" time="0.0">
    <ignored/>
  </testcase> <!-- termsandConditionsLinkTest -->
  <testcase classname="com.costco.tests.TestClass" name="ordersReturnsClickTest" time="0.0">
    <ignored/>
  </testcase> <!-- ordersReturnsClickTest -->
  <testcase classname="com.costco.tests.TestClass" name="signInButtonClickTest" time="0.0">
    <ignored/>
  </testcase> <!-- signInButtonClickTest -->
  <testcase classname="com.costco.tests.TestClass" name="test1" time="0.0">
    <ignored/>
  </testcase> <!-- test1 -->
  <testcase classname="com.costco.tests.TestClass" name="warehouseSavingsTest" time="0.0">
    <ignored/>
  </testcase> <!-- warehouseSavingsTest -->
  <testcase classname="com.costco.tests.TestClass" name="sameDayClickTest" time="0.0">
    <ignored/>
  </testcase> <!-- sameDayClickTest -->
  <testcase classname="com.costco.tests.TestClass" name="creditCardsClickTest" time="0.0">
    <ignored/>
  </testcase> <!-- creditCardsClickTest -->
  <testcase classname="com.costco.tests.TestClass" name="ordersReturnsTest" time="0.0">
    <ignored/>
  </testcase> <!-- ordersReturnsTest -->
</testsuite>
