<?xml version="1.0" encoding="UTF-8"?>
<!-- Generated by org.testng.reporters.JUnitReportReporter -->
<testsuite skipped="24" hostname="Braidens-MacBook-Pro.local" name="com.costco.tests.TestClass" tests="25" failures="0" timestamp="08 Oct 2022 03:56:29 GMT" time="40.196" errors="1">
  <testcase name="use_of_senKeys_method_then_click_submit_and_then_clear" time="40.196" classname="com.costco.tests.TestClass">
    <error type="org.openqa.selenium.TimeoutException" message="Expected condition failed: waiting for element ([[ChromeDriver: chrome on MAC (ab00ec053e124bbe8c2ff32c156c3e82)] -&gt; xpath: //input[@id=&#039;search-field&#039; or name=&#039;keyword&#039;]]) to be selected (tried for 30 second(s) with 500 milliseconds interval)
Build info: version: &#039;4.4.0&#039;, revision: &#039;e5c75ed026a&#039;
System info: host: &#039;Braidens-MacBook-Pro.local&#039;, ip: &#039;2601:86:300:4040:a409:ca65:17cd:7be2%en0&#039;, os.name: &#039;Mac OS X&#039;, os.arch: &#039;x86_64&#039;, os.version: &#039;12.1&#039;, java.version: &#039;1.8.0_331&#039;
Driver info: org.openqa.selenium.chrome.ChromeDriver
Capabilities {acceptInsecureCerts: false, browserName: chrome, browserVersion: 106.0.5249.103, chrome: {chromedriverVersion: 106.0.5249.61 (511755355844..., userDataDir: /var/folders/vx/5v7ncfwd7hn...}, goog:chromeOptions: {debuggerAddress: localhost:55847}, networkConnectionEnabled: false, pageLoadStrategy: normal, platformName: MAC, proxy: Proxy(), se:cdp: ws://localhost:55847/devtoo..., se:cdpVersion: 106.0.5249.103, setWindowRect: true, strictFileInteractability: false, timeouts: {implicit: 0, pageLoad: 300000, script: 30000}, unhandledPromptBehavior: dismiss and notify, webauthn:extension:credBlob: true, webauthn:extension:largeBlob: true, webauthn:virtualAuthenticators: true}
Session ID: ab00ec053e124bbe8c2ff32c156c3e82">
      <![CDATA[org.openqa.selenium.TimeoutException: Expected condition failed: waiting for element ([[ChromeDriver: chrome on MAC (ab00ec053e124bbe8c2ff32c156c3e82)] -> xpath: //input[@id='search-field' or name='keyword']]) to be selected (tried for 30 second(s) with 500 milliseconds interval)
Build info: version: '4.4.0', revision: 'e5c75ed026a'
System info: host: 'Braidens-MacBook-Pro.local', ip: '2601:86:300:4040:a409:ca65:17cd:7be2%en0', os.name: 'Mac OS X', os.arch: 'x86_64', os.version: '12.1', java.version: '1.8.0_331'
Driver info: org.openqa.selenium.chrome.ChromeDriver
Capabilities {acceptInsecureCerts: false, browserName: chrome, browserVersion: 106.0.5249.103, chrome: {chromedriverVersion: 106.0.5249.61 (511755355844..., userDataDir: /var/folders/vx/5v7ncfwd7hn...}, goog:chromeOptions: {debuggerAddress: localhost:55847}, networkConnectionEnabled: false, pageLoadStrategy: normal, platformName: MAC, proxy: Proxy(), se:cdp: ws://localhost:55847/devtoo..., se:cdpVersion: 106.0.5249.103, setWindowRect: true, strictFileInteractability: false, timeouts: {implicit: 0, pageLoad: 300000, script: 30000}, unhandledPromptBehavior: dismiss and notify, webauthn:extension:credBlob: true, webauthn:extension:largeBlob: true, webauthn:virtualAuthenticators: true}
Session ID: ab00ec053e124bbe8c2ff32c156c3e82
at org.openqa.selenium.support.ui.WebDriverWait.timeoutException(WebDriverWait.java:87)
at org.openqa.selenium.support.ui.FluentWait.until(FluentWait.java:231)
at com.costco.tests.TestClass.use_of_senKeys_method_then_click_submit_and_then_clear(TestClass.java:142)
at sun.reflect.NativeMethodAccessorImpl.invoke0(Native Method)
at sun.reflect.NativeMethodAccessorImpl.invoke(NativeMethodAccessorImpl.java:62)
at sun.reflect.DelegatingMethodAccessorImpl.invoke(DelegatingMethodAccessorImpl.java:43)
at java.lang.reflect.Method.invoke(Method.java:498)
at org.testng.internal.MethodInvocationHelper.invokeMethod(MethodInvocationHelper.java:124)
at org.testng.internal.Invoker.invokeMethod(Invoker.java:583)
at org.testng.internal.Invoker.invokeTestMethod(Invoker.java:719)
at org.testng.internal.Invoker.invokeTestMethods(Invoker.java:989)
at org.testng.internal.TestMethodWorker.invokeTestMethods(TestMethodWorker.java:125)
at org.testng.internal.TestMethodWorker.run(TestMethodWorker.java:109)
at org.testng.TestRunner.privateRun(TestRunner.java:648)
at org.testng.TestRunner.run(TestRunner.java:505)
at org.testng.SuiteRunner.runTest(SuiteRunner.java:455)
at org.testng.SuiteRunner.runSequentially(SuiteRunner.java:450)
at org.testng.SuiteRunner.privateRun(SuiteRunner.java:415)
at org.testng.SuiteRunner.run(SuiteRunner.java:364)
at org.testng.SuiteRunnerWorker.runSuite(SuiteRunnerWorker.java:52)
at org.testng.SuiteRunnerWorker.run(SuiteRunnerWorker.java:84)
at org.testng.TestNG.runSuitesSequentially(TestNG.java:1208)
at org.testng.TestNG.runSuitesLocally(TestNG.java:1137)
at org.testng.TestNG.runSuites(TestNG.java:1049)
at org.testng.TestNG.run(TestNG.java:1017)
at org.testng.remote.AbstractRemoteTestNG.run(AbstractRemoteTestNG.java:115)
at org.testng.remote.RemoteTestNG.initAndRun(RemoteTestNG.java:251)
at org.testng.remote.RemoteTestNG.main(RemoteTestNG.java:77)
]]>
    </error>
  </testcase> <!-- use_of_senKeys_method_then_click_submit_and_then_clear -->
  <testcase name="groceryButtonTest" classname="com.costco.tests.TestClass">
    <skipped/>
  </testcase> <!-- groceryButtonTest -->
  <testcase name="use_Of_Selected_mathod" classname="com.costco.tests.TestClass">
    <skipped/>
  </testcase> <!-- use_Of_Selected_mathod -->
  <testcase name="treasureHuntTest" classname="com.costco.tests.TestClass">
    <skipped/>
  </testcase> <!-- treasureHuntTest -->
  <testcase name="use_of_senKeys_method_then_click_by_enter_key_and_then_clear" classname="com.costco.tests.TestClass">
    <skipped/>
  </testcase> <!-- use_of_senKeys_method_then_click_by_enter_key_and_then_clear -->
  <testcase name="use_of_getAttribute_method" classname="com.costco.tests.TestClass">
    <skipped/>
  </testcase> <!-- use_of_getAttribute_method -->
  <testcase name="use_of_sendKeys_method" classname="com.costco.tests.TestClass">
    <skipped/>
  </testcase> <!-- use_of_sendKeys_method -->
  <testcase name="LearnAboutOurCommitmentToWomenButtonTest" classname="com.costco.tests.TestClass">
    <skipped/>
  </testcase> <!-- LearnAboutOurCommitmentToWomenButtonTest -->
  <testcase name="searchFieldTest" classname="com.costco.tests.TestClass">
    <skipped/>
  </testcase> <!-- searchFieldTest -->
  <testcase name="setASpecificSizeOfWindow" classname="com.costco.tests.TestClass">
    <skipped/>
  </testcase> <!-- setASpecificSizeOfWindow -->
  <testcase name="whileSuppliesClickTest" classname="com.costco.tests.TestClass">
    <skipped/>
  </testcase> <!-- whileSuppliesClickTest -->
  <testcase name="passWordClickTest" classname="com.costco.tests.TestClass">
    <skipped/>
  </testcase> <!-- passWordClickTest -->
  <testcase name="sameDayElementTest" classname="com.costco.tests.TestClass">
    <skipped/>
  </testcase> <!-- sameDayElementTest -->
  <testcase name="ordersReturnsClickTest" classname="com.costco.tests.TestClass">
    <skipped/>
  </testcase> <!-- ordersReturnsClickTest -->
  <testcase name="termsandConditionsLinkTest" classname="com.costco.tests.TestClass">
    <skipped/>
  </testcase> <!-- termsandConditionsLinkTest -->
  <testcase name="signInButtonClickTest" classname="com.costco.tests.TestClass">
    <skipped/>
  </testcase> <!-- signInButtonClickTest -->
  <testcase name="use_of_navigate_method" classname="com.costco.tests.TestClass">
    <skipped/>
  </testcase> <!-- use_of_navigate_method -->
  <testcase name="test1" classname="com.costco.tests.TestClass">
    <skipped/>
  </testcase> <!-- test1 -->
  <testcase name="use_of_getCurrentURL_method" classname="com.costco.tests.TestClass">
    <skipped/>
  </testcase> <!-- use_of_getCurrentURL_method -->
  <testcase name="warehouseSavingsTest" classname="com.costco.tests.TestClass">
    <skipped/>
  </testcase> <!-- warehouseSavingsTest -->
  <testcase name="sameDayClickTest" classname="com.costco.tests.TestClass">
    <skipped/>
  </testcase> <!-- sameDayClickTest -->
  <testcase name="creditCardsClickTest" classname="com.costco.tests.TestClass">
    <skipped/>
  </testcase> <!-- creditCardsClickTest -->
  <testcase name="use_of_getText_method" classname="com.costco.tests.TestClass">
    <skipped/>
  </testcase> <!-- use_of_getText_method -->
  <testcase name="use_of_getTile_method" classname="com.costco.tests.TestClass">
    <skipped/>
  </testcase> <!-- use_of_getTile_method -->
  <testcase name="ordersReturnsTest" classname="com.costco.tests.TestClass">
    <skipped/>
  </testcase> <!-- ordersReturnsTest -->
</testsuite> <!-- com.costco.tests.TestClass -->
